[2026-05-01T16:04:56] INFO dispatch: /ping → handler_ping (from qq/handler.sh)
[2026-05-01T16:04:56] INFO handler_ping: from 111
[2026-05-01T16:04:56] WARN http_get retry 1/2: http://fail.example.com
[2026-05-01T16:04:56] WARN http_get retry 2/2: http://fail.example.com
[2026-05-01T16:04:56] WARN http_get retry 3/2: http://fail.example.com
[2026-05-01T16:04:56] WARN http_post retry 1/2: http://localhost:8080/api/send_group_message
[2026-05-01T16:04:56] WARN http_post retry 2/2: http://localhost:8080/api/send_group_message
[2026-05-01T16:04:56] WARN http_post retry 3/2: http://localhost:8080/api/send_group_message
[2026-05-01T16:04:56] WARN http_post retry 1/2: http://localhost:8080/api/get_login_info
[2026-05-01T16:04:56] WARN http_post retry 2/2: http://localhost:8080/api/get_login_info
[2026-05-01T16:04:56] WARN http_post retry 3/2: http://localhost:8080/api/get_login_info
[2026-05-01T16:04:56] INFO qq_webhook: event=group_nudge
[2026-05-01T16:04:56] WARN dispatch: no rules file at /tmp/test-rules.1
[2026-05-01T16:04:56] INFO qq_webhook: event=friend_request
[2026-05-01T16:04:56] WARN dispatch: no rules file at /tmp/test-rules.1
[2026-05-01T16:04:56] INFO qq_webhook: event=bot_offline
[2026-05-01T16:04:56] ERROR qq_webhook: bot offline: kick
[2026-05-01T16:04:57] INFO qq_webhook: event=weird_custom
[2026-05-01T16:12:34] INFO dispatch: /ping → handler_ping (from qq/handler.sh)
[2026-05-01T16:12:34] INFO handler_ping: from 111
[2026-05-01T16:12:34] WARN http_get retry 1/2: http://fail.example.com
[2026-05-01T16:12:34] WARN http_get retry 2/2: http://fail.example.com
[2026-05-01T16:12:34] WARN http_get retry 3/2: http://fail.example.com
[2026-05-01T16:12:34] WARN http_post retry 1/2: http://localhost:8080/api/send_group_message
[2026-05-01T16:12:34] WARN http_post retry 2/2: http://localhost:8080/api/send_group_message
[2026-05-01T16:12:34] WARN http_post retry 3/2: http://localhost:8080/api/send_group_message
[2026-05-01T16:12:34] WARN http_post retry 1/2: http://localhost:8080/api/get_login_info
[2026-05-01T16:12:34] WARN http_post retry 2/2: http://localhost:8080/api/get_login_info
[2026-05-01T16:12:34] WARN http_post retry 3/2: http://localhost:8080/api/get_login_info
[2026-05-01T16:12:34] INFO qq_webhook: event=group_nudge
[2026-05-01T16:12:34] WARN dispatch: no rules file at /tmp/test-rules.1
[2026-05-01T16:12:34] INFO qq_webhook: event=friend_request
[2026-05-01T16:12:34] WARN dispatch: no rules file at /tmp/test-rules.1
[2026-05-01T16:12:34] INFO qq_webhook: event=bot_offline
[2026-05-01T16:12:34] ERROR qq_webhook: bot offline: kick
[2026-05-01T16:12:34] INFO qq_webhook: event=weird_custom
[2026-05-01T16:15:52] INFO dispatch: /ping → handler_ping (from qq/handler.sh)
[2026-05-01T16:15:52] INFO handler_ping: from 111
[2026-05-01T16:15:52] WARN http_get retry 1/2: http://fail.example.com
[2026-05-01T16:15:52] WARN http_get retry 2/2: http://fail.example.com
[2026-05-01T16:15:52] WARN http_get retry 3/2: http://fail.example.com
[2026-05-01T16:15:52] WARN http_post retry 1/2: http://localhost:8080/api/send_group_message
[2026-05-01T16:15:52] WARN http_post retry 2/2: http://localhost:8080/api/send_group_message
[2026-05-01T16:15:52] WARN http_post retry 3/2: http://localhost:8080/api/send_group_message
[2026-05-01T16:15:52] WARN http_post retry 1/2: http://localhost:8080/api/get_login_info
[2026-05-01T16:15:52] WARN http_post retry 2/2: http://localhost:8080/api/get_login_info
[2026-05-01T16:15:52] WARN http_post retry 3/2: http://localhost:8080/api/get_login_info
[2026-05-01T16:15:52] INFO qq_webhook: event=group_nudge
[2026-05-01T16:15:52] WARN dispatch: no rules file at /tmp/test-rules.1
[2026-05-01T16:15:52] INFO qq_webhook: event=friend_request
[2026-05-01T16:15:52] WARN dispatch: no rules file at /tmp/test-rules.1
[2026-05-01T16:15:52] INFO qq_webhook: event=bot_offline
[2026-05-01T16:15:52] ERROR qq_webhook: bot offline: kick
[2026-05-01T16:15:52] INFO qq_webhook: event=weird_custom
[2026-05-01T16:17:54] INFO dispatch: /ping → handler_ping (from qq/handler.sh)
[2026-05-01T16:17:54] INFO handler_ping: from 111
[2026-05-01T16:17:54] WARN http_get retry 1/2: http://fail.example.com
[2026-05-01T16:17:54] WARN http_get retry 2/2: http://fail.example.com
[2026-05-01T16:17:54] WARN http_get retry 3/2: http://fail.example.com
[2026-05-01T16:17:54] WARN http_post retry 1/2: http://localhost:8080/api/send_group_message
[2026-05-01T16:17:54] WARN http_post retry 2/2: http://localhost:8080/api/send_group_message
[2026-05-01T16:17:54] WARN http_post retry 3/2: http://localhost:8080/api/send_group_message
[2026-05-01T16:17:54] WARN http_post retry 1/2: http://localhost:8080/api/get_login_info
[2026-05-01T16:17:54] WARN http_post retry 2/2: http://localhost:8080/api/get_login_info
[2026-05-01T16:17:54] WARN http_post retry 3/2: http://localhost:8080/api/get_login_info
[2026-05-01T16:17:54] INFO qq_webhook: event=group_nudge
[2026-05-01T16:17:54] WARN dispatch: no rules file at /tmp/test-rules.1
[2026-05-01T16:17:54] INFO qq_webhook: event=friend_request
[2026-05-01T16:17:54] WARN dispatch: no rules file at /tmp/test-rules.1
[2026-05-01T16:17:54] INFO qq_webhook: event=bot_offline
[2026-05-01T16:17:54] ERROR qq_webhook: bot offline: kick
[2026-05-01T16:17:54] INFO qq_webhook: event=weird_custom
[2026-05-01T16:33:59] INFO dispatch: /ping → handler_ping (from qq/handler.sh)
[2026-05-01T16:33:59] INFO handler_ping: from 111
[2026-05-01T16:33:59] WARN http_get retry 1/2: http://fail.example.com
[2026-05-01T16:33:59] WARN http_get retry 2/2: http://fail.example.com
[2026-05-01T16:33:59] WARN http_get retry 3/2: http://fail.example.com
[2026-05-01T16:33:59] WARN http_post retry 1/2: http://localhost:8080/api/send_group_message
[2026-05-01T16:33:59] WARN http_post retry 2/2: http://localhost:8080/api/send_group_message
[2026-05-01T16:33:59] WARN http_post retry 3/2: http://localhost:8080/api/send_group_message
[2026-05-01T16:33:59] WARN http_post retry 1/2: http://localhost:8080/api/get_login_info
[2026-05-01T16:33:59] WARN http_post retry 2/2: http://localhost:8080/api/get_login_info
[2026-05-01T16:33:59] WARN http_post retry 3/2: http://localhost:8080/api/get_login_info
[2026-05-01T16:33:59] INFO qq_webhook: event=group_nudge
[2026-05-01T16:33:59] WARN dispatch: no rules file at /tmp/test-rules.1
[2026-05-01T16:33:59] INFO qq_webhook: event=friend_request
[2026-05-01T16:33:59] WARN dispatch: no rules file at /tmp/test-rules.1
[2026-05-01T16:33:59] INFO qq_webhook: event=bot_offline
[2026-05-01T16:33:59] ERROR qq_webhook: bot offline: kick
[2026-05-01T16:33:59] INFO qq_webhook: event=weird_custom
[2026-05-01T16:39:52] INFO dispatch: /ping → handler_ping (from qq/handler.sh)
[2026-05-01T16:39:52] INFO handler_ping: from 111
[2026-05-01T16:39:52] WARN http_get retry 1/2: http://fail.example.com
[2026-05-01T16:39:52] WARN http_get retry 2/2: http://fail.example.com
[2026-05-01T16:39:52] WARN http_get retry 3/2: http://fail.example.com
[2026-05-01T16:39:52] WARN http_post retry 1/2: http://localhost:8080/api/send_group_message
[2026-05-01T16:39:52] WARN http_post retry 2/2: http://localhost:8080/api/send_group_message
[2026-05-01T16:39:52] WARN http_post retry 3/2: http://localhost:8080/api/send_group_message
[2026-05-01T16:39:52] WARN http_post retry 1/2: http://localhost:8080/api/get_login_info
[2026-05-01T16:39:52] WARN http_post retry 2/2: http://localhost:8080/api/get_login_info
[2026-05-01T16:39:52] WARN http_post retry 3/2: http://localhost:8080/api/get_login_info
[2026-05-01T16:39:52] INFO qq_webhook: event=group_nudge
[2026-05-01T16:39:52] WARN dispatch: no rules file at /tmp/test-rules.1
[2026-05-01T16:39:52] INFO qq_webhook: event=friend_request
[2026-05-01T16:39:52] WARN dispatch: no rules file at /tmp/test-rules.1
[2026-05-01T16:39:52] INFO qq_webhook: event=bot_offline
[2026-05-01T16:39:52] ERROR qq_webhook: bot offline: kick
[2026-05-01T16:39:52] INFO qq_webhook: event=weird_custom
[2026-05-01T16:39:52] INFO tg_webhook: message text=/ping
[2026-05-01T16:39:52] WARN dispatch: no rules file at /tmp/test-rules.1
[2026-05-01T16:39:52] INFO tg_webhook: callback data=btn_click
[2026-05-01T16:39:52] WARN dispatch: no rules file at /tmp/test-rules.1
[2026-05-01T16:56:13] INFO dispatch: /ping → handler_ping (from qq/handler.sh)
[2026-05-01T16:56:13] INFO handler_ping: from 111
[2026-05-01T16:56:13] WARN http_get retry 1/2: http://fail.example.com
[2026-05-01T16:56:13] WARN http_get retry 2/2: http://fail.example.com
[2026-05-01T16:56:13] WARN http_get retry 3/2: http://fail.example.com
[2026-05-01T16:56:13] WARN http_post retry 1/2: http://localhost:8080/api/send_group_message
[2026-05-01T16:56:13] WARN http_post retry 2/2: http://localhost:8080/api/send_group_message
[2026-05-01T16:56:13] WARN http_post retry 3/2: http://localhost:8080/api/send_group_message
[2026-05-01T16:56:13] WARN http_post retry 1/2: http://localhost:8080/api/get_login_info
[2026-05-01T16:56:13] WARN http_post retry 2/2: http://localhost:8080/api/get_login_info
[2026-05-01T16:56:13] WARN http_post retry 3/2: http://localhost:8080/api/get_login_info
[2026-05-01T16:56:13] INFO qq_webhook: event=group_nudge
[2026-05-01T16:56:13] WARN dispatch: no rules file at /tmp/test-rules.1
[2026-05-01T16:56:13] INFO qq_webhook: event=friend_request
[2026-05-01T16:56:13] WARN dispatch: no rules file at /tmp/test-rules.1
[2026-05-01T16:56:13] INFO qq_webhook: event=bot_offline
[2026-05-01T16:56:13] ERROR qq_webhook: bot offline: kick
[2026-05-01T16:56:13] INFO qq_webhook: event=weird_custom
[2026-05-01T16:56:13] INFO tg_webhook: message text=/ping
[2026-05-01T16:56:13] WARN dispatch: no rules file at /tmp/test-rules.1
[2026-05-01T16:56:13] INFO tg_webhook: callback data=btn_click
[2026-05-01T16:56:13] WARN dispatch: no rules file at /tmp/test-rules.1
[2026-05-01T17:11:00] INFO dispatch: /ping → handler_ping (from qq/handler.sh)
[2026-05-01T17:11:00] INFO handler_ping: from 111
[2026-05-01T17:11:00] WARN http_get retry 1/2: http://fail.example.com
[2026-05-01T17:11:00] WARN http_get retry 2/2: http://fail.example.com
[2026-05-01T17:11:00] WARN http_get retry 3/2: http://fail.example.com
[2026-05-01T17:11:00] WARN http_post retry 1/2: http://localhost:8080/api/send_group_message
[2026-05-01T17:11:00] WARN http_post retry 2/2: http://localhost:8080/api/send_group_message
[2026-05-01T17:11:00] WARN http_post retry 3/2: http://localhost:8080/api/send_group_message
[2026-05-01T17:11:00] WARN http_post retry 1/2: http://localhost:8080/api/get_login_info
[2026-05-01T17:11:00] WARN http_post retry 2/2: http://localhost:8080/api/get_login_info
[2026-05-01T17:11:00] WARN http_post retry 3/2: http://localhost:8080/api/get_login_info
[2026-05-01T17:11:00] INFO qq_webhook: event=group_nudge
[2026-05-01T17:11:00] WARN dispatch: no rules file at /tmp/test-rules.1
[2026-05-01T17:11:00] INFO qq_webhook: event=friend_request
[2026-05-01T17:11:00] WARN dispatch: no rules file at /tmp/test-rules.1
[2026-05-01T17:11:00] INFO qq_webhook: event=bot_offline
[2026-05-01T17:11:00] ERROR qq_webhook: bot offline: kick
[2026-05-01T17:11:00] INFO qq_webhook: event=weird_custom
[2026-05-01T17:11:00] INFO tg_webhook: message text=/ping
[2026-05-01T17:11:00] WARN dispatch: no rules file at /tmp/test-rules.1
[2026-05-01T17:11:00] INFO tg_webhook: callback data=btn_click
[2026-05-01T17:11:00] WARN dispatch: no rules file at /tmp/test-rules.1
[2026-05-01T17:49:34] INFO dispatch: /ping → handler_ping (from qq/handler.sh)
[2026-05-01T17:49:34] INFO handler_ping: from 111
[2026-05-01T17:49:34] WARN http_get retry 1/2: http://fail.example.com
[2026-05-01T17:49:34] WARN http_get retry 2/2: http://fail.example.com
[2026-05-01T17:49:34] WARN http_get retry 3/2: http://fail.example.com
[2026-05-01T17:49:34] WARN http_post retry 1/2: http://localhost:8080/api/send_group_message
[2026-05-01T17:49:34] WARN http_post retry 2/2: http://localhost:8080/api/send_group_message
[2026-05-01T17:49:34] WARN http_post retry 3/2: http://localhost:8080/api/send_group_message
[2026-05-01T17:49:34] WARN http_post retry 1/2: http://localhost:8080/api/get_login_info
[2026-05-01T17:49:34] WARN http_post retry 2/2: http://localhost:8080/api/get_login_info
[2026-05-01T17:49:34] WARN http_post retry 3/2: http://localhost:8080/api/get_login_info
[2026-05-01T17:49:34] INFO qq_webhook: event=group_nudge
[2026-05-01T17:49:34] WARN dispatch: no rules file at /tmp/test-rules.1
[2026-05-01T17:49:34] INFO qq_webhook: event=friend_request
[2026-05-01T17:49:34] WARN dispatch: no rules file at /tmp/test-rules.1
[2026-05-01T17:49:34] INFO qq_webhook: event=bot_offline
[2026-05-01T17:49:34] ERROR qq_webhook: bot offline: kick
[2026-05-01T17:49:34] INFO qq_webhook: event=weird_custom
[2026-05-01T17:49:34] INFO tg_webhook: message text=/ping
[2026-05-01T17:49:34] WARN dispatch: no rules file at /tmp/test-rules.1
[2026-05-01T17:49:34] INFO tg_webhook: callback data=btn_click
[2026-05-01T17:49:34] WARN dispatch: no rules file at /tmp/test-rules.1
[2026-05-01T18:43:47] INFO dispatch: /ping → handler_ping (from qq/handler.sh)
[2026-05-01T18:43:47] INFO handler_ping: from 111
[2026-05-01T18:43:47] WARN http_get retry 1/2: http://fail.example.com
[2026-05-01T18:43:47] WARN http_get retry 2/2: http://fail.example.com
[2026-05-01T18:43:47] WARN http_get retry 3/2: http://fail.example.com
[2026-05-01T18:43:47] WARN http_post retry 1/2: http://localhost:8080/api/send_group_message
[2026-05-01T18:43:47] WARN http_post retry 2/2: http://localhost:8080/api/send_group_message
[2026-05-01T18:43:47] WARN http_post retry 3/2: http://localhost:8080/api/send_group_message
[2026-05-01T18:43:47] WARN http_post retry 1/2: http://localhost:8080/api/get_login_info
[2026-05-01T18:43:47] WARN http_post retry 2/2: http://localhost:8080/api/get_login_info
[2026-05-01T18:43:47] WARN http_post retry 3/2: http://localhost:8080/api/get_login_info
[2026-05-01T18:43:47] INFO qq_webhook: event=group_nudge
[2026-05-01T18:43:47] WARN dispatch: no rules file at /tmp/test-rules.1
[2026-05-01T18:43:47] INFO qq_webhook: event=friend_request
[2026-05-01T18:43:47] WARN dispatch: no rules file at /tmp/test-rules.1
[2026-05-01T18:43:47] INFO qq_webhook: event=bot_offline
[2026-05-01T18:43:47] ERROR qq_webhook: bot offline: kick
[2026-05-01T18:43:47] INFO qq_webhook: event=weird_custom
[2026-05-01T18:43:47] INFO tg_webhook: message text=/ping
[2026-05-01T18:43:47] WARN dispatch: no rules file at /tmp/test-rules.1
[2026-05-01T18:43:47] INFO tg_webhook: callback data=btn_click
[2026-05-01T18:43:47] WARN dispatch: no rules file at /tmp/test-rules.1
[2026-05-01T18:43:56] INFO dispatch: /ping → handler_ping (from qq/handler.sh)
[2026-05-01T18:43:56] INFO handler_ping: from 111
[2026-05-01T18:43:56] WARN http_get retry 1/2: http://fail.example.com
[2026-05-01T18:43:56] WARN http_get retry 2/2: http://fail.example.com
[2026-05-01T18:43:56] WARN http_get retry 3/2: http://fail.example.com
[2026-05-01T18:43:56] WARN http_post retry 1/2: http://localhost:8080/api/send_group_message
[2026-05-01T18:43:56] WARN http_post retry 2/2: http://localhost:8080/api/send_group_message
[2026-05-01T18:43:56] WARN http_post retry 3/2: http://localhost:8080/api/send_group_message
[2026-05-01T18:43:56] WARN http_post retry 1/2: http://localhost:8080/api/get_login_info
[2026-05-01T18:43:56] WARN http_post retry 2/2: http://localhost:8080/api/get_login_info
[2026-05-01T18:43:56] WARN http_post retry 3/2: http://localhost:8080/api/get_login_info
[2026-05-01T18:43:56] INFO qq_webhook: event=group_nudge
[2026-05-01T18:43:56] WARN dispatch: no rules file at /tmp/test-rules.1
[2026-05-01T18:43:56] INFO qq_webhook: event=friend_request
[2026-05-01T18:43:56] WARN dispatch: no rules file at /tmp/test-rules.1
[2026-05-01T18:43:56] INFO qq_webhook: event=bot_offline
[2026-05-01T18:43:56] ERROR qq_webhook: bot offline: kick
[2026-05-01T18:43:56] INFO qq_webhook: event=weird_custom
[2026-05-01T18:43:56] INFO tg_webhook: message text=/ping
[2026-05-01T18:43:56] WARN dispatch: no rules file at /tmp/test-rules.1
[2026-05-01T18:43:56] INFO tg_webhook: callback data=btn_click
[2026-05-01T18:43:56] WARN dispatch: no rules file at /tmp/test-rules.1
[2026-05-01T18:48:51] INFO dispatch: /ping → handler_ping (from qq/handler.sh)
[2026-05-01T18:48:51] INFO handler_ping: from 111
[2026-05-01T18:48:51] WARN http_get retry 1/2: http://fail.example.com
[2026-05-01T18:48:51] WARN http_get retry 2/2: http://fail.example.com
[2026-05-01T18:48:51] WARN http_get retry 3/2: http://fail.example.com
[2026-05-01T18:48:51] WARN http_post retry 1/2: http://localhost:8080/api/send_group_message
[2026-05-01T18:48:51] WARN http_post retry 2/2: http://localhost:8080/api/send_group_message
[2026-05-01T18:48:51] WARN http_post retry 3/2: http://localhost:8080/api/send_group_message
[2026-05-01T18:48:51] WARN http_post retry 1/2: http://localhost:8080/api/get_login_info
[2026-05-01T18:48:51] WARN http_post retry 2/2: http://localhost:8080/api/get_login_info
[2026-05-01T18:48:51] WARN http_post retry 3/2: http://localhost:8080/api/get_login_info
[2026-05-01T18:48:51] INFO qq_webhook: event=group_nudge
[2026-05-01T18:48:51] WARN dispatch: no rules file at /tmp/test-rules.1
[2026-05-01T18:48:51] INFO qq_webhook: event=friend_request
[2026-05-01T18:48:51] WARN dispatch: no rules file at /tmp/test-rules.1
[2026-05-01T18:48:51] INFO qq_webhook: event=bot_offline
[2026-05-01T18:48:51] ERROR qq_webhook: bot offline: kick
[2026-05-01T18:48:51] INFO qq_webhook: event=weird_custom
[2026-05-01T18:48:52] INFO tg_webhook: message text=/ping
[2026-05-01T18:48:52] WARN dispatch: no rules file at /tmp/test-rules.1
[2026-05-01T18:48:52] INFO tg_webhook: callback data=btn_click
[2026-05-01T18:48:52] WARN dispatch: no rules file at /tmp/test-rules.1
[2026-05-01T18:53:41] INFO dispatch: /ping → handler_ping (from qq/handler.sh)
[2026-05-01T18:53:41] INFO handler_ping: from 111
[2026-05-01T18:53:41] WARN http_get retry 1/2: http://fail.example.com
[2026-05-01T18:53:41] WARN http_get retry 2/2: http://fail.example.com
[2026-05-01T18:53:41] WARN http_get retry 3/2: http://fail.example.com
[2026-05-01T18:53:41] WARN http_post retry 1/2: http://localhost:8080/api/send_group_message
[2026-05-01T18:53:41] WARN http_post retry 2/2: http://localhost:8080/api/send_group_message
[2026-05-01T18:53:41] WARN http_post retry 3/2: http://localhost:8080/api/send_group_message
[2026-05-01T18:53:41] WARN http_post retry 1/2: http://localhost:8080/api/get_login_info
[2026-05-01T18:53:41] WARN http_post retry 2/2: http://localhost:8080/api/get_login_info
[2026-05-01T18:53:41] WARN http_post retry 3/2: http://localhost:8080/api/get_login_info
[2026-05-01T18:53:41] INFO qq_webhook: event=group_nudge
[2026-05-01T18:53:41] WARN dispatch: no rules file at /tmp/test-rules.1
[2026-05-01T18:53:41] INFO qq_webhook: event=friend_request
[2026-05-01T18:53:41] WARN dispatch: no rules file at /tmp/test-rules.1
[2026-05-01T18:53:41] INFO qq_webhook: event=bot_offline
[2026-05-01T18:53:41] ERROR qq_webhook: bot offline: kick
[2026-05-01T18:53:41] INFO qq_webhook: event=weird_custom
[2026-05-01T18:53:41] INFO tg_webhook: message text=/ping
[2026-05-01T18:53:41] WARN dispatch: no rules file at /tmp/test-rules.1
[2026-05-01T18:53:41] INFO tg_webhook: callback data=btn_click
[2026-05-01T18:53:41] WARN dispatch: no rules file at /tmp/test-rules.1
[2026-05-02T05:52:09] INFO dispatch: /ping → handler_ping (from qq/handler.sh)
[2026-05-02T05:52:09] INFO handler_ping: from 111
[2026-05-02T05:52:09] WARN http_get retry 1/2: http://fail.example.com
[2026-05-02T05:52:09] WARN http_get retry 2/2: http://fail.example.com
[2026-05-02T05:52:09] WARN http_get retry 3/2: http://fail.example.com
[2026-05-02T05:52:09] WARN http_post retry 1/2: http://localhost:8080/api/send_group_message
[2026-05-02T05:52:09] WARN http_post retry 2/2: http://localhost:8080/api/send_group_message
[2026-05-02T05:52:09] WARN http_post retry 3/2: http://localhost:8080/api/send_group_message
[2026-05-02T05:52:09] WARN http_post retry 1/2: http://localhost:8080/api/get_login_info
[2026-05-02T05:52:09] WARN http_post retry 2/2: http://localhost:8080/api/get_login_info
[2026-05-02T05:52:09] WARN http_post retry 3/2: http://localhost:8080/api/get_login_info
[2026-05-02T05:52:09] INFO qq_webhook: event=group_nudge
[2026-05-02T05:52:09] WARN dispatch: no rules file at /tmp/test-rules.1
[2026-05-02T05:52:09] INFO qq_webhook: event=friend_request
[2026-05-02T05:52:09] WARN dispatch: no rules file at /tmp/test-rules.1
[2026-05-02T05:52:09] INFO qq_webhook: event=bot_offline
[2026-05-02T05:52:09] ERROR qq_webhook: bot offline: kick
[2026-05-02T05:52:09] INFO qq_webhook: event=weird_custom
[2026-05-02T05:52:09] WARN http_post retry 1/2: https://api.telegram.org/bot/sendMessage
[2026-05-02T05:52:09] WARN http_post retry 2/2: https://api.telegram.org/bot/sendMessage
[2026-05-02T05:52:09] WARN http_post retry 3/2: https://api.telegram.org/bot/sendMessage
[2026-05-02T05:52:09] ERROR sync: qq→tg fail: tg.sendMessage: http_post failed after 2 retries: https://api.telegram.org/bot/sendMessage ()
[2026-05-02T05:52:09] INFO tg_webhook: message text=/ping
[2026-05-02T05:52:09] WARN dispatch: no rules file at /tmp/test-rules.1
[2026-05-02T05:52:09] INFO tg_webhook: callback data=btn_click
[2026-05-02T05:52:09] WARN dispatch: no rules file at /tmp/test-rules.1
[2026-05-02T15:10:10] INFO dispatch: /ping → handler_ping (from qq/handler.sh)
[2026-05-02T15:10:10] INFO handler_ping: from 111
[2026-05-02T15:10:10] WARN http_get retry 1/2: http://fail.example.com
[2026-05-02T15:10:10] WARN http_get retry 2/2: http://fail.example.com
[2026-05-02T15:10:10] WARN http_get retry 3/2: http://fail.example.com
[2026-05-02T15:10:10] WARN http_post retry 1/2: http://localhost:8080/api/send_group_message
[2026-05-02T15:10:10] WARN http_post retry 2/2: http://localhost:8080/api/send_group_message
[2026-05-02T15:10:10] WARN http_post retry 3/2: http://localhost:8080/api/send_group_message
[2026-05-02T15:10:10] WARN http_post retry 1/2: http://localhost:8080/api/get_login_info
[2026-05-02T15:10:10] WARN http_post retry 2/2: http://localhost:8080/api/get_login_info
[2026-05-02T15:10:10] WARN http_post retry 3/2: http://localhost:8080/api/get_login_info
[2026-05-02T15:10:10] INFO qq_webhook: event=group_nudge
[2026-05-02T15:10:10] WARN dispatch: no rules file at /tmp/test-rules.1
[2026-05-02T15:10:10] INFO qq_webhook: event=friend_request
[2026-05-02T15:10:10] WARN dispatch: no rules file at /tmp/test-rules.1
[2026-05-02T15:10:10] INFO qq_webhook: event=bot_offline
[2026-05-02T15:10:10] ERROR qq_webhook: bot offline: kick
[2026-05-02T15:10:10] INFO qq_webhook: event=weird_custom
[2026-05-02T15:10:10] WARN http_post retry 1/2: https://api.telegram.org/bot/sendMessage
[2026-05-02T15:10:10] WARN http_post retry 2/2: https://api.telegram.org/bot/sendMessage
[2026-05-02T15:10:10] WARN http_post retry 3/2: https://api.telegram.org/bot/sendMessage
[2026-05-02T15:10:10] ERROR sync: qq→tg fail: tg.sendMessage: http_post failed after 2 retries: https://api.telegram.org/bot/sendMessage ()
[2026-05-02T15:10:10] INFO tg_webhook: message text=/ping
[2026-05-02T15:10:10] WARN dispatch: no rules file at /tmp/test-rules.1
[2026-05-02T15:10:10] INFO tg_webhook: callback data=btn_click
[2026-05-02T15:10:10] WARN dispatch: no rules file at /tmp/test-rules.1
[2026-05-02T15:47:01] INFO dispatch: /ping → handler_ping (from qq/handler.sh)
[2026-05-02T15:47:01] INFO handler_ping: from 111
[2026-05-02T15:47:01] WARN http_get retry 1/2: http://fail.example.com
[2026-05-02T15:47:01] WARN http_get retry 2/2: http://fail.example.com
[2026-05-02T15:47:01] WARN http_get retry 3/2: http://fail.example.com
[2026-05-03T01:40:11] INFO dispatch: /ping → handler_ping (from qq/handler.sh)
[2026-05-03T01:40:11] INFO handler_ping: from 111
[2026-05-03T01:40:11] WARN http_get retry 1/2: http://fail.example.com
[2026-05-03T01:40:11] WARN http_get retry 2/2: http://fail.example.com
[2026-05-03T01:40:11] WARN http_get retry 3/2: http://fail.example.com
[2026-05-03T03:02:58] INFO dispatch: /ping → handler_ping (from qq/handler.sh)
[2026-05-03T03:02:58] INFO handler_ping: from 111
[2026-05-03T03:02:58] WARN http_get retry 1/2: http://fail.example.com
[2026-05-03T03:02:58] WARN http_get retry 2/2: http://fail.example.com
[2026-05-03T03:02:58] WARN http_get retry 3/2: http://fail.example.com
[2026-05-03T03:08:07] INFO dispatch: /ping → handler_ping (from qq/handler.sh)
[2026-05-03T03:08:07] INFO handler_ping: from 111
[2026-05-03T03:08:07] WARN http_get retry 1/2: http://fail.example.com
[2026-05-03T03:08:07] WARN http_get retry 2/2: http://fail.example.com
[2026-05-03T03:08:07] WARN http_get retry 3/2: http://fail.example.com
